Performing C SOURCE FILE Test CMAKE_HAVE_LIBC_PTHREAD failed with the following output:
Change Dir: /csehome/skvictoria/darknet/CMakeFiles/CMakeTmp

Run Build Command(s):/usr/bin/make cmTC_4c0ea/fast && make: Warning: File 'Makefile' has modification time 689 s in the future
/usr/bin/make  -f CMakeFiles/cmTC_4c0ea.dir/build.make CMakeFiles/cmTC_4c0ea.dir/build
make[1]: Entering directory '/csehome/skvictoria/darknet/CMakeFiles/CMakeTmp'
make[1]: Warning: File 'CMakeFiles/cmTC_4c0ea.dir/flags.make' has modification time 689 s in the future
Building C object CMakeFiles/cmTC_4c0ea.dir/src.c.o
/usr/bin/cc   -fPIC -DCMAKE_HAVE_LIBC_PTHREAD -o CMakeFiles/cmTC_4c0ea.dir/src.c.o -c /csehome/skvictoria/darknet/CMakeFiles/CMakeTmp/src.c
Linking C executable cmTC_4c0ea
/usr/bin/cmake -E cmake_link_script CMakeFiles/cmTC_4c0ea.dir/link.txt --verbose=1
/usr/bin/cc -fPIC -DCMAKE_HAVE_LIBC_PTHREAD CMakeFiles/cmTC_4c0ea.dir/src.c.o -o cmTC_4c0ea 
/usr/bin/ld: CMakeFiles/cmTC_4c0ea.dir/src.c.o: in function `main':
src.c:(.text+0x3e): undefined reference to `pthread_create'
/usr/bin/ld: src.c:(.text+0x4a): undefined reference to `pthread_detach'
/usr/bin/ld: src.c:(.text+0x56): undefined reference to `pthread_cancel'
/usr/bin/ld: src.c:(.text+0x67): undefined reference to `pthread_join'
collect2: error: ld returned 1 exit status
make[1]: *** [CMakeFiles/cmTC_4c0ea.dir/build.make:106: cmTC_4c0ea] Error 1
make[1]: Leaving directory '/csehome/skvictoria/darknet/CMakeFiles/CMakeTmp'
make: *** [Makefile:140: cmTC_4c0ea/fast] Error 2


Source file was:
#include <pthread.h>

void* test_func(void* data)
{
  return data;
}

int main(void)
{
  pthread_t thread;
  pthread_create(&thread, NULL, test_func, NULL);
  pthread_detach(thread);
  pthread_cancel(thread);
  pthread_join(thread, NULL);
  pthread_atfork(NULL, NULL, NULL);
  pthread_exit(NULL);

  return 0;
}

Determining if the function pthread_create exists in the pthreads failed with the following output:
Change Dir: /csehome/skvictoria/darknet/CMakeFiles/CMakeTmp

Run Build Command(s):/usr/bin/make cmTC_7d2ba/fast && make: Warning: File 'Makefile' has modification time 689 s in the future
/usr/bin/make  -f CMakeFiles/cmTC_7d2ba.dir/build.make CMakeFiles/cmTC_7d2ba.dir/build
make[1]: Entering directory '/csehome/skvictoria/darknet/CMakeFiles/CMakeTmp'
make[1]: Warning: File 'CMakeFiles/cmTC_7d2ba.dir/flags.make' has modification time 689 s in the future
Building C object CMakeFiles/cmTC_7d2ba.dir/CheckFunctionExists.c.o
/usr/bin/cc   -fPIC -DCHECK_FUNCTION_EXISTS=pthread_create -o CMakeFiles/cmTC_7d2ba.dir/CheckFunctionExists.c.o -c /usr/share/cmake-3.18/Modules/CheckFunctionExists.c
Linking C executable cmTC_7d2ba
/usr/bin/cmake -E cmake_link_script CMakeFiles/cmTC_7d2ba.dir/link.txt --verbose=1
/usr/bin/cc -fPIC -DCHECK_FUNCTION_EXISTS=pthread_create CMakeFiles/cmTC_7d2ba.dir/CheckFunctionExists.c.o -o cmTC_7d2ba  -lpthreads 
/usr/bin/ld: cannot find -lpthreads
collect2: error: ld returned 1 exit status
make[1]: *** [CMakeFiles/cmTC_7d2ba.dir/build.make:106: cmTC_7d2ba] Error 1
make[1]: Leaving directory '/csehome/skvictoria/darknet/CMakeFiles/CMakeTmp'
make: *** [Makefile:140: cmTC_7d2ba/fast] Error 2



